2025-06-05 02:14:33,231 [INFO] Processing: 2025-06-05_06-55.parquet
2025-06-05 02:14:33,890 [ERROR] Upload failed: Authentication plugin 'caching_sha2_password' is not supported
2025-06-05 02:20:15,110 [INFO] Processing: 2025-06-05_06-55.parquet
2025-06-05 02:20:15,183 [ERROR] Upload failed: Authentication plugin 'caching_sha2_password' is not supported
2025-06-05 02:21:41,894 [INFO] Processing: 2025-06-05_06-55.parquet
2025-06-05 02:21:41,963 [ERROR] Upload failed: Authentication plugin 'caching_sha2_password' is not supported
2025-06-05 02:25:26,469 [INFO] Processing: 2025-06-05_06-55.parquet
2025-06-05 02:25:26,554 [ERROR] Sensor not found: ('SOLAR_FACADE', 'Temp_1')
2025-06-05 02:25:26,554 [ERROR] Sensor not found: ('SOLAR_FACADE', 'Volt_1')
2025-06-05 02:25:26,554 [ERROR] Sensor not found: ('SOLAR_FACADE', 'Amp_1')
2025-06-05 02:25:26,556 [ERROR] Sensor not found: ('SOLAR_FACADE', 'Wind_1')
2025-06-05 02:25:26,556 [ERROR] Sensor not found: ('SOLAR_FACADE', 'Irr_1')
2025-06-05 02:25:26,556 [ERROR] Sensor not found: ('SOLAR_FACADE', 'PressHigh_1')
2025-06-05 02:25:26,557 [ERROR] Sensor not found: ('SOLAR_FACADE', 'PressLow_1')
2025-06-05 02:25:26,557 [ERROR] Sensor not found: ('SOLAR_BRICK', 'Irr_1')
2025-06-05 02:25:26,557 [ERROR] Sensor not found: ('SOLAR_BRICK', 'Temp_1')
2025-06-05 02:25:26,558 [ERROR] Sensor not found: ('SOLAR_BRICK', 'Volt_1')
2025-06-05 02:25:26,558 [ERROR] Sensor not found: ('SOLAR_BRICK', 'Amp_1')
2025-06-05 02:25:26,558 [ERROR] Sensor not found: ('HAWT', 'Irr_1')
2025-06-05 02:25:26,558 [ERROR] Sensor not found: ('HAWT', 'WindSpeed_1')
2025-06-05 02:25:26,559 [ERROR] Sensor not found: ('HAWT', 'Wind_Direction_1')
2025-06-05 02:25:26,559 [ERROR] Sensor not found: ('HAWT', 'Volt_1')
2025-06-05 02:25:26,560 [ERROR] Sensor not found: ('HAWT', 'Amp_1')
2025-06-05 02:25:26,560 [INFO] No new records to insert.
2025-06-05 02:36:25,194 [INFO] Processing: 2025-06-05_06-55.parquet
2025-06-05 02:36:25,268 [ERROR] Sensor not found: ('SOLAR_FACADE', 'Temp_1')
2025-06-05 02:36:25,269 [ERROR] Sensor not found: ('SOLAR_FACADE', 'Volt_1')
2025-06-05 02:36:25,269 [ERROR] Sensor not found: ('SOLAR_FACADE', 'Amp_1')
2025-06-05 02:36:25,270 [ERROR] Sensor not found: ('SOLAR_FACADE', 'Wind_1')
2025-06-05 02:36:25,270 [ERROR] Sensor not found: ('SOLAR_FACADE', 'Irr_1')
2025-06-05 02:36:25,270 [ERROR] Sensor not found: ('SOLAR_FACADE', 'PressHigh_1')
2025-06-05 02:36:25,271 [ERROR] Sensor not found: ('SOLAR_FACADE', 'PressLow_1')
2025-06-05 02:36:25,271 [ERROR] Sensor not found: ('SOLAR_BRICK', 'Irr_1')
2025-06-05 02:36:25,272 [ERROR] Sensor not found: ('SOLAR_BRICK', 'Temp_1')
2025-06-05 02:36:25,272 [ERROR] Sensor not found: ('SOLAR_BRICK', 'Volt_1')
2025-06-05 02:36:25,272 [ERROR] Sensor not found: ('SOLAR_BRICK', 'Amp_1')
2025-06-05 02:36:25,274 [ERROR] Sensor not found: ('HAWT', 'Irr_1')
2025-06-05 02:36:25,274 [ERROR] Sensor not found: ('HAWT', 'WindSpeed_1')
2025-06-05 02:36:25,274 [ERROR] Sensor not found: ('HAWT', 'Wind_Direction_1')
2025-06-05 02:36:25,274 [ERROR] Sensor not found: ('HAWT', 'Volt_1')
2025-06-05 02:36:25,275 [ERROR] Sensor not found: ('HAWT', 'Amp_1')
2025-06-05 02:36:25,275 [INFO] No new records to insert.
2025-06-05 02:40:08,051 [INFO] Processing: 2025-06-05_06-55.parquet
2025-06-05 02:40:08,145 [ERROR] Sensor not found: ('SOLAR_FACADE', 'Temp_1')
2025-06-05 02:40:08,146 [ERROR] Sensor not found: ('SOLAR_FACADE', 'Volt_1')
2025-06-05 02:40:08,146 [ERROR] Sensor not found: ('SOLAR_FACADE', 'Amp_1')
2025-06-05 02:40:08,147 [ERROR] Sensor not found: ('SOLAR_FACADE', 'Wind_1')
2025-06-05 02:40:08,147 [ERROR] Sensor not found: ('SOLAR_FACADE', 'Irr_1')
2025-06-05 02:40:08,147 [ERROR] Sensor not found: ('SOLAR_FACADE', 'PressHigh_1')
2025-06-05 02:40:08,147 [ERROR] Sensor not found: ('SOLAR_FACADE', 'PressLow_1')
2025-06-05 02:40:08,148 [ERROR] Sensor not found: ('SOLAR_BRICK', 'Irr_1')
2025-06-05 02:40:08,148 [ERROR] Sensor not found: ('SOLAR_BRICK', 'Temp_1')
2025-06-05 02:40:08,148 [ERROR] Sensor not found: ('SOLAR_BRICK', 'Volt_1')
2025-06-05 02:40:08,149 [ERROR] Sensor not found: ('SOLAR_BRICK', 'Amp_1')
2025-06-05 02:40:08,149 [ERROR] Sensor not found: ('HAWT', 'Irr_1')
2025-06-05 02:40:08,149 [ERROR] Sensor not found: ('HAWT', 'WindSpeed_1')
2025-06-05 02:40:08,150 [ERROR] Sensor not found: ('HAWT', 'Wind_Direction_1')
2025-06-05 02:40:08,150 [ERROR] Sensor not found: ('HAWT', 'Volt_1')
2025-06-05 02:40:08,150 [ERROR] Sensor not found: ('HAWT', 'Amp_1')
2025-06-05 02:40:08,151 [INFO] No new records to insert.
2025-06-05 02:44:51,757 [INFO] Processing: 2025-06-05_07-44.parquet
2025-06-05 02:44:51,833 [ERROR] Sensor not found: ('Solar Facade', 'Temp_1')
2025-06-05 02:44:51,833 [ERROR] Sensor not found: ('Solar Facade', 'Volt_1')
2025-06-05 02:44:51,833 [ERROR] Sensor not found: ('Solar Facade', 'Amp_1')
2025-06-05 02:44:51,833 [ERROR] Sensor not found: ('Solar Facade', 'Wind_1')
2025-06-05 02:44:51,833 [ERROR] Sensor not found: ('Solar Facade', 'Irr_1')
2025-06-05 02:44:51,833 [ERROR] Sensor not found: ('Solar Facade', 'PressHigh_1')
2025-06-05 02:44:51,833 [ERROR] Sensor not found: ('Solar Facade', 'PressLow_1')
2025-06-05 02:44:51,833 [ERROR] Sensor not found: ('Solar Brick', 'Irr_1')
2025-06-05 02:44:51,833 [ERROR] Sensor not found: ('Solar Brick', 'Temp_1')
2025-06-05 02:44:51,833 [ERROR] Sensor not found: ('Solar Brick', 'Volt_1')
2025-06-05 02:44:51,833 [ERROR] Sensor not found: ('Solar Brick', 'Amp_1')
2025-06-05 02:44:51,833 [ERROR] Sensor not found: ('HAWT', 'Irr_1')
2025-06-05 02:44:51,833 [ERROR] Sensor not found: ('HAWT', 'WindSpeed_1')
2025-06-05 02:44:51,833 [ERROR] Sensor not found: ('HAWT', 'Wind_Direction_1')
2025-06-05 02:44:51,833 [ERROR] Sensor not found: ('HAWT', 'Volt_1')
2025-06-05 02:44:51,833 [ERROR] Sensor not found: ('HAWT', 'Amp_1')
2025-06-05 02:44:51,833 [INFO] No new records to insert.
2025-06-05 02:48:35,042 [INFO] Processing: 2025-06-05_07-44.parquet
2025-06-05 02:48:35,112 [ERROR] Sensor not found: ('Solar Facade', 'Temp_1')
2025-06-05 02:48:35,112 [ERROR] Sensor not found: ('Solar Facade', 'Volt_1')
2025-06-05 02:48:35,112 [ERROR] Sensor not found: ('Solar Facade', 'Amp_1')
2025-06-05 02:48:35,112 [ERROR] Sensor not found: ('Solar Facade', 'Wind_1')
2025-06-05 02:48:35,112 [ERROR] Sensor not found: ('Solar Facade', 'Irr_1')
2025-06-05 02:48:35,112 [ERROR] Sensor not found: ('Solar Facade', 'PressHigh_1')
2025-06-05 02:48:35,112 [ERROR] Sensor not found: ('Solar Facade', 'PressLow_1')
2025-06-05 02:48:35,112 [ERROR] Sensor not found: ('Solar Brick', 'Irr_1')
2025-06-05 02:48:35,112 [ERROR] Sensor not found: ('Solar Brick', 'Temp_1')
2025-06-05 02:48:35,112 [ERROR] Sensor not found: ('Solar Brick', 'Volt_1')
2025-06-05 02:48:35,122 [ERROR] Sensor not found: ('Solar Brick', 'Amp_1')
2025-06-05 02:48:35,140 [INFO] Inserted 5 records.
2025-06-05 02:51:23,031 [INFO] Processing: 2025-06-05_07-44.parquet
2025-06-05 02:51:23,103 [ERROR] Sensor not found: ('solar facade', 'Temp_1')
2025-06-05 02:51:23,104 [ERROR] Sensor not found: ('solar facade', 'Volt_1')
2025-06-05 02:51:23,104 [ERROR] Sensor not found: ('solar facade', 'Amp_1')
2025-06-05 02:51:23,104 [ERROR] Sensor not found: ('solar facade', 'Wind_1')
2025-06-05 02:51:23,105 [ERROR] Sensor not found: ('solar facade', 'Irr_1')
2025-06-05 02:51:23,105 [ERROR] Sensor not found: ('solar facade', 'PressHigh_1')
2025-06-05 02:51:23,105 [ERROR] Sensor not found: ('solar facade', 'PressLow_1')
2025-06-05 02:51:23,105 [ERROR] Sensor not found: ('solar brick', 'Irr_1')
2025-06-05 02:51:23,106 [ERROR] Sensor not found: ('solar brick', 'Temp_1')
2025-06-05 02:51:23,106 [ERROR] Sensor not found: ('solar brick', 'Volt_1')
2025-06-05 02:51:23,106 [ERROR] Sensor not found: ('solar brick', 'Amp_1')
2025-06-05 02:51:23,107 [ERROR] Sensor not found: ('hawt', 'Irr_1')
2025-06-05 02:51:23,107 [ERROR] Sensor not found: ('hawt', 'WindSpeed_1')
2025-06-05 02:51:23,107 [ERROR] Sensor not found: ('hawt', 'Wind_Direction_1')
2025-06-05 02:51:23,108 [ERROR] Sensor not found: ('hawt', 'Volt_1')
2025-06-05 02:51:23,108 [ERROR] Sensor not found: ('hawt', 'Amp_1')
2025-06-05 02:51:23,108 [INFO] No new records to insert.
2025-06-05 02:52:52,369 [INFO] Processing: 2025-06-05_07-44.parquet
2025-06-05 02:52:52,448 [ERROR] Sensor not found: ('Solar Facade', 'Temp_1')
2025-06-05 02:52:52,448 [ERROR] Sensor not found: ('Solar Facade', 'Volt_1')
2025-06-05 02:52:52,448 [ERROR] Sensor not found: ('Solar Facade', 'Amp_1')
2025-06-05 02:52:52,448 [ERROR] Sensor not found: ('Solar Facade', 'Wind_1')
2025-06-05 02:52:52,449 [ERROR] Sensor not found: ('Solar Facade', 'Irr_1')
2025-06-05 02:52:52,449 [ERROR] Sensor not found: ('Solar Facade', 'PressHigh_1')
2025-06-05 02:52:52,450 [ERROR] Sensor not found: ('Solar Facade', 'PressLow_1')
2025-06-05 02:52:52,450 [ERROR] Sensor not found: ('Solar Brick', 'Irr_1')
2025-06-05 02:52:52,451 [ERROR] Sensor not found: ('Solar Brick', 'Temp_1')
2025-06-05 02:52:52,451 [ERROR] Sensor not found: ('Solar Brick', 'Volt_1')
2025-06-05 02:52:52,451 [ERROR] Sensor not found: ('Solar Brick', 'Amp_1')
2025-06-05 02:52:52,463 [INFO] Inserted 5 records.
2025-06-05 02:54:53,098 [INFO] Processing: 2025-06-05_07-44.parquet
2025-06-05 02:54:53,176 [ERROR] Sensor not found: ('Solar Facade', 'Temp_1')
2025-06-05 02:54:53,176 [ERROR] Sensor not found: ('Solar Facade', 'Volt_1')
2025-06-05 02:54:53,176 [ERROR] Sensor not found: ('Solar Facade', 'Amp_1')
2025-06-05 02:54:53,178 [ERROR] Sensor not found: ('Solar Facade', 'Wind_1')
2025-06-05 02:54:53,178 [ERROR] Sensor not found: ('Solar Facade', 'Irr_1')
2025-06-05 02:54:53,178 [ERROR] Sensor not found: ('Solar Facade', 'PressHigh_1')
2025-06-05 02:54:53,179 [ERROR] Sensor not found: ('Solar Facade', 'PressLow_1')
2025-06-05 02:54:53,179 [ERROR] Sensor not found: ('Solar Brick', 'Irr_1')
2025-06-05 02:54:53,179 [ERROR] Sensor not found: ('Solar Brick', 'Temp_1')
2025-06-05 02:54:53,180 [ERROR] Sensor not found: ('Solar Brick', 'Volt_1')
2025-06-05 02:54:53,180 [ERROR] Sensor not found: ('Solar Brick', 'Amp_1')
2025-06-05 02:54:53,187 [INFO] Inserted 5 records.
2025-06-05 02:55:18,536 [INFO] Processing: 2025-06-05_07-44.parquet
2025-06-05 02:55:18,614 [ERROR] Sensor not found: ('Solar Facade', 'Temp_1')
2025-06-05 02:55:18,615 [ERROR] Sensor not found: ('Solar Facade', 'Volt_1')
2025-06-05 02:55:18,615 [ERROR] Sensor not found: ('Solar Facade', 'Amp_1')
2025-06-05 02:55:18,616 [ERROR] Sensor not found: ('Solar Facade', 'Wind_1')
2025-06-05 02:55:18,616 [ERROR] Sensor not found: ('Solar Facade', 'Irr_1')
2025-06-05 02:55:18,617 [ERROR] Sensor not found: ('Solar Facade', 'PressHigh_1')
2025-06-05 02:55:18,617 [ERROR] Sensor not found: ('Solar Facade', 'PressLow_1')
2025-06-05 02:55:18,617 [ERROR] Sensor not found: ('Solar Brick', 'Irr_1')
2025-06-05 02:55:18,617 [ERROR] Sensor not found: ('Solar Brick', 'Temp_1')
2025-06-05 02:55:18,617 [ERROR] Sensor not found: ('Solar Brick', 'Volt_1')
2025-06-05 02:55:18,618 [ERROR] Sensor not found: ('Solar Brick', 'Amp_1')
2025-06-05 02:55:18,626 [INFO] Inserted 5 records.
2025-06-05 02:58:08,701 [INFO] Processing: 2025-06-05_07-44.parquet
2025-06-05 03:04:31,502 [INFO] Processing: 2025-06-05_08-04.parquet
2025-06-05 03:04:31,579 [ERROR] Sensor not found: ('Solar_Facade', 'Temp_1')
2025-06-05 03:04:31,579 [ERROR] Sensor not found: ('Solar_Facade', 'Volt_1')
2025-06-05 03:04:31,579 [ERROR] Sensor not found: ('Solar_Facade', 'Amp_1')
2025-06-05 03:04:31,579 [ERROR] Sensor not found: ('Solar_Facade', 'Wind_1')
2025-06-05 03:04:31,579 [ERROR] Sensor not found: ('Solar_Facade', 'Irr_1')
2025-06-05 03:04:31,579 [ERROR] Sensor not found: ('Solar_Facade', 'PressHigh_1')
2025-06-05 03:04:31,579 [ERROR] Sensor not found: ('Solar_Facade', 'PressLow_1')
2025-06-05 03:04:31,579 [ERROR] Sensor not found: ('Solar_Brick', 'Irr_1')
2025-06-05 03:04:31,579 [ERROR] Sensor not found: ('Solar_Brick', 'Temp_1')
2025-06-05 03:04:31,579 [ERROR] Sensor not found: ('Solar_Brick', 'Volt_1')
2025-06-05 03:04:31,579 [ERROR] Sensor not found: ('Solar_Brick', 'Amp_1')
2025-06-05 03:04:31,579 [ERROR] Sensor not found: ('HAWT', 'Irr_1')
2025-06-05 03:04:31,590 [ERROR] Sensor not found: ('HAWT', 'WindSpeed_1')
2025-06-05 03:04:31,590 [ERROR] Sensor not found: ('HAWT', 'Wind_Direction_1')
2025-06-05 03:04:31,591 [ERROR] Sensor not found: ('HAWT', 'Volt_1')
2025-06-05 03:04:31,591 [ERROR] Sensor not found: ('HAWT', 'Amp_1')
2025-06-05 03:04:31,591 [INFO] No new records to insert.
2025-06-05 03:08:54,498 [INFO] Processing: 2025-06-05_08-04.parquet
2025-06-05 03:08:54,569 [ERROR] Sensor not found: ('Solar_Facade', 'Temp_1')
2025-06-05 03:08:54,569 [ERROR] Sensor not found: ('Solar_Facade', 'Volt_1')
2025-06-05 03:08:54,569 [ERROR] Sensor not found: ('Solar_Facade', 'Amp_1')
2025-06-05 03:08:54,569 [ERROR] Sensor not found: ('Solar_Facade', 'Wind_1')
2025-06-05 03:08:54,569 [ERROR] Sensor not found: ('Solar_Facade', 'Irr_1')
2025-06-05 03:08:54,569 [ERROR] Sensor not found: ('Solar_Facade', 'PressHigh_1')
2025-06-05 03:08:54,569 [ERROR] Sensor not found: ('Solar_Facade', 'PressLow_1')
2025-06-05 03:08:54,569 [ERROR] Sensor not found: ('Solar_Brick', 'Irr_1')
2025-06-05 03:08:54,569 [ERROR] Sensor not found: ('Solar_Brick', 'Temp_1')
2025-06-05 03:08:54,569 [ERROR] Sensor not found: ('Solar_Brick', 'Volt_1')
2025-06-05 03:08:54,569 [ERROR] Sensor not found: ('Solar_Brick', 'Amp_1')
2025-06-05 03:08:54,569 [ERROR] Sensor not found: ('HAWT', 'Irr_1')
2025-06-05 03:08:54,569 [ERROR] Sensor not found: ('HAWT', 'WindSpeed_1')
2025-06-05 03:08:54,569 [ERROR] Sensor not found: ('HAWT', 'Wind_Direction_1')
2025-06-05 03:08:54,574 [ERROR] Sensor not found: ('HAWT', 'Volt_1')
2025-06-05 03:08:54,574 [ERROR] Sensor not found: ('HAWT', 'Amp_1')
2025-06-05 03:08:54,574 [INFO] No new records to insert.
2025-06-05 03:15:35,220 [INFO] Processing: 2025-06-05_08-04.parquet
2025-06-05 03:15:35,296 [INFO] [DEBUG] sensor_map keys: []
2025-06-05 03:15:35,298 [ERROR] Sensor not found: ('Solar_Facade', 'Temp_1')
2025-06-05 03:15:35,298 [ERROR] Sensor not found: ('Solar_Facade', 'Volt_1')
2025-06-05 03:15:35,298 [ERROR] Sensor not found: ('Solar_Facade', 'Amp_1')
2025-06-05 03:15:35,298 [ERROR] Sensor not found: ('Solar_Facade', 'Wind_1')
2025-06-05 03:15:35,298 [ERROR] Sensor not found: ('Solar_Facade', 'Irr_1')
2025-06-05 03:15:35,298 [ERROR] Sensor not found: ('Solar_Facade', 'PressHigh_1')
2025-06-05 03:15:35,298 [ERROR] Sensor not found: ('Solar_Facade', 'PressLow_1')
2025-06-05 03:15:35,298 [ERROR] Sensor not found: ('Solar_Brick', 'Irr_1')
2025-06-05 03:15:35,303 [ERROR] Sensor not found: ('Solar_Brick', 'Temp_1')
2025-06-05 03:15:35,303 [ERROR] Sensor not found: ('Solar_Brick', 'Volt_1')
2025-06-05 03:15:35,303 [ERROR] Sensor not found: ('Solar_Brick', 'Amp_1')
2025-06-05 03:15:35,303 [ERROR] Sensor not found: ('HAWT', 'Irr_1')
2025-06-05 03:15:35,305 [ERROR] Sensor not found: ('HAWT', 'WindSpeed_1')
2025-06-05 03:15:35,305 [ERROR] Sensor not found: ('HAWT', 'Wind_Direction_1')
2025-06-05 03:15:35,305 [ERROR] Sensor not found: ('HAWT', 'Volt_1')
2025-06-05 03:15:35,306 [ERROR] Sensor not found: ('HAWT', 'Amp_1')
2025-06-05 03:15:35,306 [INFO] No new records to insert.
2025-06-05 03:18:03,704 [INFO] Processing: 2025-06-05_08-04.parquet
2025-06-05 03:18:03,771 [INFO] [DEBUG] sensor_map keys: [('Solar_Facade', 'Temp_1'), ('Solar_Facade', 'Volt_1'), ('Solar_Facade', 'Amp_1'), ('Solar_Facade', 'Wind_1'), ('Solar_Facade', 'Irr_1'), ('Solar_Facade', 'PressHigh_1'), ('Solar_Facade', 'PressLow_1'), ('Solar_Brick', 'Irr_1'), ('Solar_Brick', 'Temp_1'), ('Solar_Brick', 'Volt_1')]
2025-06-05 03:18:03,794 [INFO] Inserted 16 records.
2025-06-05 03:41:37,767 [INFO] Processing: 2025-06-05_08-41.parquet
2025-06-05 03:41:37,852 [INFO] [DEBUG] sensor_map keys: [('Solar_Facade', 'Temp_1'), ('Solar_Facade', 'Volt_1'), ('Solar_Facade', 'Amp_1'), ('Solar_Facade', 'Wind_1'), ('Solar_Facade', 'Irr_1'), ('Solar_Facade', 'PressHigh_1'), ('Solar_Facade', 'PressLow_1'), ('Solar_Brick', 'Irr_1'), ('Solar_Brick', 'Temp_1'), ('Solar_Brick', 'Volt_1')]
2025-06-05 03:41:37,875 [INFO] Inserted 16 records.
